<?xml version="1.0" encoding="UTF-8"?>
<testsuite name="WallServicesTest" tests="3" skipped="0" failures="0" errors="0" timestamp="2022-03-22T10:35:22" hostname="0001050-HP" time="0.166">
  <properties/>
  <testcase name="updateError" classname="WallServicesTest" time="0.152"/>
  <testcase name="updateCompleted" classname="WallServicesTest" time="0.001"/>
  <testcase name="add" classname="WallServicesTest" time="0.013"/>
  <system-out><![CDATA[]]></system-out>
  <system-err><![CDATA[]]></system-err>
</testsuite>
